<?xml version="1.0" encoding="UTF-8"?>
<!-- Generated by org.testng.reporters.JUnitReportReporter -->
<testsuite hostname="DESKTOP-FVL7V1F" failures="0" tests="1" name="OrangeHRM_TestCases.AdminLoginWithValidData" time="3.583" errors="0" timestamp="2023-07-17T16:42:16 IST" skipped="0">
  <testcase classname="OrangeHRM_TestCases.AdminLoginWithValidData" name="CheckAdminLogin" time="3.583"/>
</testsuite> <!-- OrangeHRM_TestCases.AdminLoginWithValidData -->
