<?xml version="1.0" encoding="UTF-8"?>
<!-- Generated by org.testng.reporters.JUnitReportReporter -->
<testsuite hostname="DESKTOP-FVL7V1F" failures="0" tests="1" name="OrangeHRM_TestCases.AdminLoginWithInvalidData" time="1.915" errors="0" timestamp="2023-07-14T09:38:55 IST" skipped="0">
  <testcase classname="OrangeHRM_TestCases.AdminLoginWithInvalidData" name="invalidLogin" time="1.915"/>
</testsuite> <!-- OrangeHRM_TestCases.AdminLoginWithInvalidData -->
