<?xml version="1.0" encoding="UTF-8"?>
<!-- Generated by org.testng.reporters.JUnitReportReporter -->
<testsuite hostname="DESKTOP-FVL7V1F" failures="0" tests="1" name="OrangeHRM_Pages.invalidLogin_page" time="0.010" errors="0" timestamp="2023-07-14T08:27:12 IST" skipped="0">
  <testcase classname="OrangeHRM_Pages.invalidLogin_page" name="invalid" time="0.010"/>
</testsuite> <!-- OrangeHRM_Pages.invalidLogin_page -->
